<?xml version="1.0" encoding="UTF-8"?>
<!-- Generated by org.testng.reporters.JUnitReportReporter -->
<testsuite skipped="0" hostname="HP-PC" name="org.project.FacebookTestNG" tests="1" failures="0" timestamp="29 Jan 2019 02:44:33 GMT" time="14.008" errors="0">
  <testcase name="test" time="14.008" classname="org.project.FacebookTestNG"/>
</testsuite> <!-- org.project.FacebookTestNG -->
