<?xml version="1.0" encoding="UTF-8"?>
<!-- Generated by org.testng.reporters.JUnitReportReporter -->
<testsuite skipped="0" hostname="HP-PC" name="org.project.Checking" tests="1" failures="0" timestamp="30 Jan 2019 01:57:19 GMT" time="23.700" errors="0">
  <testcase name="test" time="23.700" classname="org.project.Checking"/>
</testsuite> <!-- org.project.Checking -->
